<abi-corpus path='test.o' architecture='elf-amd-x86_64'>
  <elf-variable-symbols>
    <elf-symbol name='v1' size='4' type='object-type' binding='global-binding' visibility='default-visibility' is-defined='yes'/>
    <elf-symbol name='v2' size='4' type='object-type' binding='global-binding' visibility='default-visibility' is-defined='yes' namespace='this'/>
    <elf-symbol name='v3' size='4' type='object-type' binding='global-binding' visibility='default-visibility' is-defined='yes' namespace='that'/>
    <elf-symbol name='v4' size='4' type='object-type' binding='global-binding' visibility='default-visibility' is-defined='yes' namespace=''/>
  </elf-variable-symbols>
  <abi-instr version='1.0' address-size='64' path='test.c' comp-dir-path='/tmp' language='LANG_C89'>
    <type-decl name='int' size-in-bits='32' id='type-id-1'/>
    <var-decl name='v1' type-id='type-id-1' mangled-name='v1' visibility='default' filepath='test.c' line='1' column='1' elf-symbol-id='v1'/>
    <var-decl name='v2' type-id='type-id-1' mangled-name='v2' visibility='default' filepath='test.c' line='2' column='1' elf-symbol-id='v2'/>
    <var-decl name='v3' type-id='type-id-1' mangled-name='v3' visibility='default' filepath='test.c' line='3' column='1' elf-symbol-id='v3'/>
    <var-decl name='v4' type-id='type-id-1' mangled-name='v4' visibility='default' filepath='test.c' line='4' column='1' elf-symbol-id='v4'/>
  </abi-instr>
</abi-corpus>
